[debug] [2025-11-02T20:26:08.368Z] ----------------------------------------------------------------------
[debug] [2025-11-02T20:26:08.370Z] Command:       /nix/store/ws50yvm6vzlzf7jzz6n7xh4szddrack1-nodejs-20.19.1/bin/node /nix/store/f77kilzcw5hh2gidh22k6pj8cp7pxp7h-firebase-tools-14.22.0/lib/node_modules/firebase-tools/lib/bin/firebase.js init hosting:github
[debug] [2025-11-02T20:26:08.371Z] CLI Version:   14.22.0
[debug] [2025-11-02T20:26:08.371Z] Platform:      linux
[debug] [2025-11-02T20:26:08.371Z] Node Version:  v20.19.1
[debug] [2025-11-02T20:26:08.371Z] Time:          Sun Nov 02 2025 20:26:08 GMT+0000 (Coordinated Universal Time)
[debug] [2025-11-02T20:26:08.372Z] ----------------------------------------------------------------------
[debug] 
[debug] [2025-11-02T20:26:08.882Z] Checked if tokens are valid: true, expires at: 1762118742785
[debug] [2025-11-02T20:26:08.882Z] Checked if tokens are valid: true, expires at: 1762118742785
[debug] [2025-11-02T20:26:08.886Z] >>> [apiv2][query] GET https://monospace-pa.googleapis.com/v1/workspaces/barlowailabsgit-91511304 [none]
[debug] [2025-11-02T20:26:09.699Z] <<< [apiv2][status] GET https://monospace-pa.googleapis.com/v1/workspaces/barlowailabsgit-91511304 200
[debug] [2025-11-02T20:26:09.701Z] <<< [apiv2][body] GET https://monospace-pa.googleapis.com/v1/workspaces/barlowailabsgit-91511304 {"workspaceId":"barlowailabsgit-91511304","name":"barlowailabs.git","workspaceRedirectUrl":"firebase-barlowailabsgit-1762111374516.cluster-ikslh4rdsnbqsvu5nw3v4dqjj2.cloudworkstations.dev","status":"WORKSPACE_STATUS_RUNNING","lastAccessDatetime":"2025-11-02T19:53:19.034286Z","workspaceTemplate":"WORKSPACE_TEMPLATE_BLANK_WEB","owner":"SELF","serviceAccountEmail":"msp-4391937905043653672@monospace-per-ws-sa-3.iam.gserviceaccount.com","gitRepoUrl":"https://github.com/BarlowAILabs/barlowailabs.git","enableNix":true,"ownerEmail":"tevin@barlowailabs.com","workstationAccessToken":"eyJhbGciOiJSUzI1NiIsInR5cCI6IkpXVCJ9.eyJpc3MiOiJodHRwczovL2Nsb3VkLmdvb2dsZS5jb20vd29ya3N0YXRpb25zIiwiYXVkIjoiZmlyZWJhc2UtYmFybG93YWlsYWJzZ2l0LTE3NjIxMTEzNzQ1MTYuY2x1c3Rlci1pa3NsaDRyZHNuYnFzdnU1bnczdjRkcWpqMi5jbG91ZHdvcmtzdGF0aW9ucy5kZXYiLCJpYXQiOjE3NjIxMTUxNjksImV4cCI6MTc2MjIwMTU2OX0.4CftlIsU39_iXSPjZTzUkQGEuB0aQVVLg4QHnu-1hMgRlc0vt1KQixHHYpYHwCggYyuyAng4DInRJTbNUBs2hYVWKuY7nyJvYlApDXDkSp1JsIEjerbD_6mGTAtShWtCZvMtVtHQzr33SlbjeHZJn8mddKgR_1VoPzPGVbGFLJFqx7-BYgjNNiA5zXBKvbpkjokH9IK8IeYLmZPhlBDDbP3LBsbUcM5bBURWKnydzEiBxZ2ib_5phjtMF1MumUs15cK8tKpEcSanYKsXZgqIxiNx6nPbBovrRxb3lRWP_YWmAAHbr6y3TSK_4DRo8oQFoAHcD7OoCFW0EP5c98DMcA","firebaseProjectId":"barlowailabs"}
[info] 
     ######## #### ########  ######## ########     ###     ######  ########
     ##        ##  ##     ## ##       ##     ##  ##   ##  ##       ##
     ######    ##  ########  ######   ########  #########  ######  ######
     ##        ##  ##    ##  ##       ##     ## ##     ##       ## ##
     ##       #### ##     ## ######## ########  ##     ##  ######  ########

You're about to initialize a Firebase project in this directory:

  /home/user/barlowailabs

Before we get started, keep in mind:

  * You are initializing within an existing Firebase project directory

[info] 
=== Project Setup
[info] 
[info] First, let's associate this project directory with a Firebase project.
[info] You can create multiple project aliases by running firebase use --add, 
[info] 
[debug] [2025-11-02T20:26:09.710Z] > command requires scopes: ["email","openid","https://www.googleapis.com/auth/cloudplatformprojects.readonly","https://www.googleapis.com/auth/firebase","https://www.googleapis.com/auth/cloud-platform","https://www.googleapis.com/auth/userinfo.email"]
[debug] [2025-11-02T20:26:09.711Z] > authorizing via signed-in user (tevin@barlowailabs.com)
[debug] [2025-11-02T20:26:09.711Z] Checked if tokens are valid: true, expires at: 1762118742785
[debug] [2025-11-02T20:26:09.711Z] Checked if tokens are valid: true, expires at: 1762118742785
[debug] [2025-11-02T20:26:09.712Z] >>> [apiv2][query] GET https://firebase.googleapis.com/v1beta1/projects/barlowailabs [none]
[debug] [2025-11-02T20:26:09.945Z] <<< [apiv2][status] GET https://firebase.googleapis.com/v1beta1/projects/barlowailabs 200
[debug] [2025-11-02T20:26:09.946Z] <<< [apiv2][body] GET https://firebase.googleapis.com/v1beta1/projects/barlowailabs {"projectId":"barlowailabs","projectNumber":"453734132373","displayName":"BarlowAILabs","name":"projects/barlowailabs","resources":{"hostingSite":"barlowailabs"},"state":"ACTIVE","etag":"1_67b06032-18be-41a1-8566-03bdad39c78d"}
[info] i  Using project barlowailabs (BarlowAILabs) . 
[info] 
=== Hosting:github Setup
[info] 
[info] i  Detected a .git folder at /home/user/barlowailabs 
[info] i  Authorizing with GitHub to upload your service account to a GitHub repository's secrets store. 
[info] 
[info] Visit this URL on this device to log in:
[info] https://github.com/login/oauth/authorize?client_id=89cf50f02ac6aaed3484&state=212997671&redirect_uri=http%3A%2F%2Flocalhost%3A9005&scope=read%3Auser%20repo%20public_repo
[info] 
[info] Waiting for authentication...
[debug] [2025-11-02T20:34:25.426Z] ----------------------------------------------------------------------
[debug] [2025-11-02T20:34:25.429Z] Command:       /nix/store/ws50yvm6vzlzf7jzz6n7xh4szddrack1-nodejs-20.19.1/bin/node /nix/store/f77kilzcw5hh2gidh22k6pj8cp7pxp7h-firebase-tools-14.22.0/lib/node_modules/firebase-tools/lib/bin/firebase.js init hosting:github
[debug] [2025-11-02T20:34:25.429Z] CLI Version:   14.22.0
[debug] [2025-11-02T20:34:25.430Z] Platform:      linux
[debug] [2025-11-02T20:34:25.430Z] Node Version:  v20.19.1
[debug] [2025-11-02T20:34:25.430Z] Time:          Sun Nov 02 2025 20:34:25 GMT+0000 (Coordinated Universal Time)
[debug] [2025-11-02T20:34:25.430Z] ----------------------------------------------------------------------
[debug] 
[debug] [2025-11-02T20:34:25.920Z] Checked if tokens are valid: true, expires at: 1762118742785
[debug] [2025-11-02T20:34:25.920Z] Checked if tokens are valid: true, expires at: 1762118742785
[debug] [2025-11-02T20:34:25.925Z] >>> [apiv2][query] GET https://monospace-pa.googleapis.com/v1/workspaces/barlowailabsgit-91511304 [none]
[debug] [2025-11-02T20:34:26.700Z] <<< [apiv2][status] GET https://monospace-pa.googleapis.com/v1/workspaces/barlowailabsgit-91511304 200
[debug] [2025-11-02T20:34:26.701Z] <<< [apiv2][body] GET https://monospace-pa.googleapis.com/v1/workspaces/barlowailabsgit-91511304 {"workspaceId":"barlowailabsgit-91511304","name":"barlowailabs.git","workspaceRedirectUrl":"firebase-barlowailabsgit-1762111374516.cluster-ikslh4rdsnbqsvu5nw3v4dqjj2.cloudworkstations.dev","status":"WORKSPACE_STATUS_RUNNING","lastAccessDatetime":"2025-11-02T19:53:19.034286Z","workspaceTemplate":"WORKSPACE_TEMPLATE_BLANK_WEB","owner":"SELF","serviceAccountEmail":"msp-4391937905043653672@monospace-per-ws-sa-3.iam.gserviceaccount.com","gitRepoUrl":"https://github.com/BarlowAILabs/barlowailabs.git","enableNix":true,"ownerEmail":"tevin@barlowailabs.com","workstationAccessToken":"eyJhbGciOiJSUzI1NiIsInR5cCI6IkpXVCJ9.eyJpc3MiOiJodHRwczovL2Nsb3VkLmdvb2dsZS5jb20vd29ya3N0YXRpb25zIiwiYXVkIjoiZmlyZWJhc2UtYmFybG93YWlsYWJzZ2l0LTE3NjIxMTEzNzQ1MTYuY2x1c3Rlci1pa3NsaDRyZHNuYnFzdnU1bnczdjRkcWpqMi5jbG91ZHdvcmtzdGF0aW9ucy5kZXYiLCJpYXQiOjE3NjIxMTU2NjYsImV4cCI6MTc2MjIwMjA2Nn0.L10scr-rLN1sWVFRTwtT4bJF3Um5SbpiWjuxhQ-ebuZJhPCZJ-3TikYaqOCqxxOj8k8Wyp-ji6uWqnTzrjxHbcfbZLuE789T2m0nMLazfK4v8KEm76PSTTDq5-ykhEUUDvPqwFLgvncmvx9XPr1aiKi8peBsWuZKD9vA-uZRo87tkOZOzFMMG47a1EAdyDb-PFnkRoSFHPi3MnNi_TY70GgSzc18oOh6AqMP_DLb7JrYKnP5Ifn8bIutxI-tGmNgHYt2yRX6W8BphdkmBi5Kg1T6_anv3YhYa8qKb48jTjCpuGeub2pW0bFrTO0GNH-qD2m20l6y3D9l19cO7KWyaQ","firebaseProjectId":"barlowailabs"}
[info] 
     ######## #### ########  ######## ########     ###     ######  ########
     ##        ##  ##     ## ##       ##     ##  ##   ##  ##       ##
     ######    ##  ########  ######   ########  #########  ######  ######
     ##        ##  ##    ##  ##       ##     ## ##     ##       ## ##
     ##       #### ##     ## ######## ########  ##     ##  ######  ########

You're about to initialize a Firebase project in this directory:

  /home/user/barlowailabs

Before we get started, keep in mind:

  * You are initializing within an existing Firebase project directory

[info] 
=== Project Setup
[info] 
[info] First, let's associate this project directory with a Firebase project.
[info] You can create multiple project aliases by running firebase use --add, 
[info] 
[debug] [2025-11-02T20:34:26.714Z] > command requires scopes: ["email","openid","https://www.googleapis.com/auth/cloudplatformprojects.readonly","https://www.googleapis.com/auth/firebase","https://www.googleapis.com/auth/cloud-platform","https://www.googleapis.com/auth/userinfo.email"]
[debug] [2025-11-02T20:34:26.715Z] > authorizing via signed-in user (tevin@barlowailabs.com)
[debug] [2025-11-02T20:34:26.715Z] Checked if tokens are valid: true, expires at: 1762118742785
[debug] [2025-11-02T20:34:26.715Z] Checked if tokens are valid: true, expires at: 1762118742785
[debug] [2025-11-02T20:34:26.718Z] >>> [apiv2][query] GET https://firebase.googleapis.com/v1beta1/projects/barlowailabs [none]
[debug] [2025-11-02T20:34:26.941Z] <<< [apiv2][status] GET https://firebase.googleapis.com/v1beta1/projects/barlowailabs 200
[debug] [2025-11-02T20:34:26.941Z] <<< [apiv2][body] GET https://firebase.googleapis.com/v1beta1/projects/barlowailabs {"projectId":"barlowailabs","projectNumber":"453734132373","displayName":"BarlowAILabs","name":"projects/barlowailabs","resources":{"hostingSite":"barlowailabs"},"state":"ACTIVE","etag":"1_67b06032-18be-41a1-8566-03bdad39c78d"}
[info] i  Using project barlowailabs (BarlowAILabs) . 
[info] 
=== Hosting:github Setup
[info] 
[info] i  Detected a .git folder at /home/user/barlowailabs 
[info] i  Authorizing with GitHub to upload your service account to a GitHub repository's secrets store. 
[info] 
[info] Visit this URL on this device to log in:
[info] https://github.com/login/oauth/authorize?client_id=89cf50f02ac6aaed3484&state=562967282&redirect_uri=http%3A%2F%2Flocalhost%3A9005&scope=read%3Auser%20repo%20public_repo
[info] 
[info] Waiting for authentication...
[debug] [2025-11-02T20:39:16.157Z] ----------------------------------------------------------------------
[debug] [2025-11-02T20:39:16.160Z] Command:       /nix/store/ws50yvm6vzlzf7jzz6n7xh4szddrack1-nodejs-20.19.1/bin/node /nix/store/f77kilzcw5hh2gidh22k6pj8cp7pxp7h-firebase-tools-14.22.0/lib/node_modules/firebase-tools/lib/bin/firebase.js init hosting:github
[debug] [2025-11-02T20:39:16.161Z] CLI Version:   14.22.0
[debug] [2025-11-02T20:39:16.161Z] Platform:      linux
[debug] [2025-11-02T20:39:16.161Z] Node Version:  v20.19.1
[debug] [2025-11-02T20:39:16.161Z] Time:          Sun Nov 02 2025 20:39:16 GMT+0000 (Coordinated Universal Time)
[debug] [2025-11-02T20:39:16.161Z] ----------------------------------------------------------------------
[debug] 
[debug] [2025-11-02T20:39:16.644Z] Checked if tokens are valid: true, expires at: 1762118742785
[debug] [2025-11-02T20:39:16.644Z] Checked if tokens are valid: true, expires at: 1762118742785
[debug] [2025-11-02T20:39:16.648Z] >>> [apiv2][query] GET https://monospace-pa.googleapis.com/v1/workspaces/barlowailabsgit-91511304 [none]
[debug] [2025-11-02T20:39:17.546Z] <<< [apiv2][status] GET https://monospace-pa.googleapis.com/v1/workspaces/barlowailabsgit-91511304 200
[debug] [2025-11-02T20:39:17.547Z] <<< [apiv2][body] GET https://monospace-pa.googleapis.com/v1/workspaces/barlowailabsgit-91511304 {"workspaceId":"barlowailabsgit-91511304","name":"barlowailabs.git","workspaceRedirectUrl":"firebase-barlowailabsgit-1762111374516.cluster-ikslh4rdsnbqsvu5nw3v4dqjj2.cloudworkstations.dev","status":"WORKSPACE_STATUS_RUNNING","lastAccessDatetime":"2025-11-02T19:53:19.034286Z","workspaceTemplate":"WORKSPACE_TEMPLATE_BLANK_WEB","owner":"SELF","serviceAccountEmail":"msp-4391937905043653672@monospace-per-ws-sa-3.iam.gserviceaccount.com","gitRepoUrl":"https://github.com/BarlowAILabs/barlowailabs.git","enableNix":true,"ownerEmail":"tevin@barlowailabs.com","workstationAccessToken":"eyJhbGciOiJSUzI1NiIsInR5cCI6IkpXVCJ9.eyJpc3MiOiJodHRwczovL2Nsb3VkLmdvb2dsZS5jb20vd29ya3N0YXRpb25zIiwiYXVkIjoiZmlyZWJhc2UtYmFybG93YWlsYWJzZ2l0LTE3NjIxMTEzNzQ1MTYuY2x1c3Rlci1pa3NsaDRyZHNuYnFzdnU1bnczdjRkcWpqMi5jbG91ZHdvcmtzdGF0aW9ucy5kZXYiLCJpYXQiOjE3NjIxMTU5NTcsImV4cCI6MTc2MjIwMjM1N30.fLaNUdvu-bB9GGAg-7IfkRN4KfXi0Jc_jkvHiR3yDWNb_i4oYleDD9BUXpHKL-_1t2h_6u3SwzrAtfMu0fG7-xQBEX8PLM_wR8Ahie1jDSSccUDyhUMpKv19ZpQDPAtJ-dXYhI17Gs6mMgwnqvivw5hxcf-dqpjjAuC6vF3h1Z_muCgIbmMMr8j4E_PTMzxdRairLNs65OjWVxN8f2_gJMs4ZYGwWt6osiJEmf2y1qnR4x_D5crmWIZwE-5Q5HEaVxYy73q38KXKxGRaExUYZSdIlpxxKyHojIOAZTAoMLj6SxlI5tjM_89XMu9SpASYNFaTyRrVKdXUrUXEkQfI6A","firebaseProjectId":"barlowailabs"}
[info] 
     ######## #### ########  ######## ########     ###     ######  ########
     ##        ##  ##     ## ##       ##     ##  ##   ##  ##       ##
     ######    ##  ########  ######   ########  #########  ######  ######
     ##        ##  ##    ##  ##       ##     ## ##     ##       ## ##
     ##       #### ##     ## ######## ########  ##     ##  ######  ########

You're about to initialize a Firebase project in this directory:

  /home/user/barlowailabs

Before we get started, keep in mind:

  * You are initializing within an existing Firebase project directory

[info] 
=== Project Setup
[info] 
[info] First, let's associate this project directory with a Firebase project.
[info] You can create multiple project aliases by running firebase use --add, 
[info] 
[debug] [2025-11-02T20:39:17.571Z] > command requires scopes: ["email","openid","https://www.googleapis.com/auth/cloudplatformprojects.readonly","https://www.googleapis.com/auth/firebase","https://www.googleapis.com/auth/cloud-platform","https://www.googleapis.com/auth/userinfo.email"]
[debug] [2025-11-02T20:39:17.571Z] > authorizing via signed-in user (tevin@barlowailabs.com)
[debug] [2025-11-02T20:39:17.572Z] Checked if tokens are valid: true, expires at: 1762118742785
[debug] [2025-11-02T20:39:17.572Z] Checked if tokens are valid: true, expires at: 1762118742785
[debug] [2025-11-02T20:39:17.573Z] >>> [apiv2][query] GET https://firebase.googleapis.com/v1beta1/projects/barlowailabs [none]
[debug] [2025-11-02T20:39:17.818Z] <<< [apiv2][status] GET https://firebase.googleapis.com/v1beta1/projects/barlowailabs 200
[debug] [2025-11-02T20:39:17.819Z] <<< [apiv2][body] GET https://firebase.googleapis.com/v1beta1/projects/barlowailabs {"projectId":"barlowailabs","projectNumber":"453734132373","displayName":"BarlowAILabs","name":"projects/barlowailabs","resources":{"hostingSite":"barlowailabs"},"state":"ACTIVE","etag":"1_67b06032-18be-41a1-8566-03bdad39c78d"}
[info] i  Using project barlowailabs (BarlowAILabs) . 
[info] 
=== Hosting:github Setup
[info] 
[info] i  Detected a .git folder at /home/user/barlowailabs 
[info] i  Authorizing with GitHub to upload your service account to a GitHub repository's secrets store. 
[info] 
[info] Visit this URL on this device to log in:
[info] https://github.com/login/oauth/authorize?client_id=89cf50f02ac6aaed3484&state=286616382&redirect_uri=http%3A%2F%2Flocalhost%3A9005&scope=read%3Auser%20repo%20public_repo
[info] 
[info] Waiting for authentication...
[debug] [2025-11-02T20:39:49.878Z] ----------------------------------------------------------------------
[debug] [2025-11-02T20:39:49.881Z] Command:       /nix/store/ws50yvm6vzlzf7jzz6n7xh4szddrack1-nodejs-20.19.1/bin/node /nix/store/f77kilzcw5hh2gidh22k6pj8cp7pxp7h-firebase-tools-14.22.0/lib/node_modules/firebase-tools/lib/bin/firebase.js init hosting:github
[debug] [2025-11-02T20:39:49.881Z] CLI Version:   14.22.0
[debug] [2025-11-02T20:39:49.882Z] Platform:      linux
[debug] [2025-11-02T20:39:49.882Z] Node Version:  v20.19.1
[debug] [2025-11-02T20:39:49.882Z] Time:          Sun Nov 02 2025 20:39:49 GMT+0000 (Coordinated Universal Time)
[debug] [2025-11-02T20:39:49.882Z] ----------------------------------------------------------------------
[debug] 
[debug] [2025-11-02T20:39:50.412Z] Checked if tokens are valid: true, expires at: 1762118742785
[debug] [2025-11-02T20:39:50.412Z] Checked if tokens are valid: true, expires at: 1762118742785
[debug] [2025-11-02T20:39:50.417Z] >>> [apiv2][query] GET https://monospace-pa.googleapis.com/v1/workspaces/barlowailabsgit-91511304 [none]
[debug] [2025-11-02T20:39:51.311Z] <<< [apiv2][status] GET https://monospace-pa.googleapis.com/v1/workspaces/barlowailabsgit-91511304 200
[debug] [2025-11-02T20:39:51.311Z] <<< [apiv2][body] GET https://monospace-pa.googleapis.com/v1/workspaces/barlowailabsgit-91511304 {"workspaceId":"barlowailabsgit-91511304","name":"barlowailabs.git","workspaceRedirectUrl":"firebase-barlowailabsgit-1762111374516.cluster-ikslh4rdsnbqsvu5nw3v4dqjj2.cloudworkstations.dev","status":"WORKSPACE_STATUS_RUNNING","lastAccessDatetime":"2025-11-02T19:53:19.034286Z","workspaceTemplate":"WORKSPACE_TEMPLATE_BLANK_WEB","owner":"SELF","serviceAccountEmail":"msp-4391937905043653672@monospace-per-ws-sa-3.iam.gserviceaccount.com","gitRepoUrl":"https://github.com/BarlowAILabs/barlowailabs.git","enableNix":true,"ownerEmail":"tevin@barlowailabs.com","workstationAccessToken":"eyJhbGciOiJSUzI1NiIsInR5cCI6IkpXVCJ9.eyJpc3MiOiJodHRwczovL2Nsb3VkLmdvb2dsZS5jb20vd29ya3N0YXRpb25zIiwiYXVkIjoiZmlyZWJhc2UtYmFybG93YWlsYWJzZ2l0LTE3NjIxMTEzNzQ1MTYuY2x1c3Rlci1pa3NsaDRyZHNuYnFzdnU1bnczdjRkcWpqMi5jbG91ZHdvcmtzdGF0aW9ucy5kZXYiLCJpYXQiOjE3NjIxMTU5OTEsImV4cCI6MTc2MjIwMjM5MX0.NYDFWk4o_mvLeoUS_qJqKv2pqObjb0cf03txZaIlL44IDogFdg8yeudVcufi4MhNaxU9NK5vaRNGS7ninpIB6X1S1i0YbZHtxqkOzlfC_rhy2b25LhcizqRWIH-X_2oOIXlGm-s7iVF_DjqUP5DfSWzuzo_duaEhr2lCKbT_895hJRTy4RF0-a3a1st3NkJOrBIKsBYPiARhbJvNzUBGATGtXU-iWEabbWpeiqOlIpy97Ko7WY-sMwMPazH9eLgwAC6hMzst_HElAUXhGZbtoQznjtynvdvJMLtwqgL-fha-tM1odcWdRiNXTGJQLvpkgw-HtmEju-DvubggA9xaTQ","firebaseProjectId":"barlowailabs"}
[info] 
     ######## #### ########  ######## ########     ###     ######  ########
     ##        ##  ##     ## ##       ##     ##  ##   ##  ##       ##
     ######    ##  ########  ######   ########  #########  ######  ######
     ##        ##  ##    ##  ##       ##     ## ##     ##       ## ##
     ##       #### ##     ## ######## ########  ##     ##  ######  ########

You're about to initialize a Firebase project in this directory:

  /home/user/barlowailabs

Before we get started, keep in mind:

  * You are initializing within an existing Firebase project directory

[info] 
=== Project Setup
[info] 
[info] First, let's associate this project directory with a Firebase project.
[info] You can create multiple project aliases by running firebase use --add, 
[info] 
[debug] [2025-11-02T20:39:51.327Z] > command requires scopes: ["email","openid","https://www.googleapis.com/auth/cloudplatformprojects.readonly","https://www.googleapis.com/auth/firebase","https://www.googleapis.com/auth/cloud-platform","https://www.googleapis.com/auth/userinfo.email"]
[debug] [2025-11-02T20:39:51.327Z] > authorizing via signed-in user (tevin@barlowailabs.com)
[debug] [2025-11-02T20:39:51.328Z] Checked if tokens are valid: true, expires at: 1762118742785
[debug] [2025-11-02T20:39:51.328Z] Checked if tokens are valid: true, expires at: 1762118742785
[debug] [2025-11-02T20:39:51.328Z] >>> [apiv2][query] GET https://firebase.googleapis.com/v1beta1/projects/barlowailabs [none]
[debug] [2025-11-02T20:39:51.571Z] <<< [apiv2][status] GET https://firebase.googleapis.com/v1beta1/projects/barlowailabs 200
[debug] [2025-11-02T20:39:51.571Z] <<< [apiv2][body] GET https://firebase.googleapis.com/v1beta1/projects/barlowailabs {"projectId":"barlowailabs","projectNumber":"453734132373","displayName":"BarlowAILabs","name":"projects/barlowailabs","resources":{"hostingSite":"barlowailabs"},"state":"ACTIVE","etag":"1_67b06032-18be-41a1-8566-03bdad39c78d"}
[info] i  Using project barlowailabs (BarlowAILabs) . 
[info] 
=== Hosting:github Setup
[info] 
[info] i  Detected a .git folder at /home/user/barlowailabs 
[info] i  Authorizing with GitHub to upload your service account to a GitHub repository's secrets store. 
[info] 
[info] Visit this URL on this device to log in:
[info] https://github.com/login/oauth/authorize?client_id=89cf50f02ac6aaed3484&state=870524376&redirect_uri=http%3A%2F%2Flocalhost%3A9005&scope=read%3Auser%20repo%20public_repo
[info] 
[info] Waiting for authentication...
